Using pre-set license
Built from '2022.2/staging' branch; Version is '2022.2.5f1 (551d45108343) revision 5578053'; Using compiler version '192829333'; Build Type 'Release'
OS: 'Windows 10  (10.0.19045) 64bit Education' Language: 'en' Physical Memory: 16309 MB
BatchMode: 1, IsHumanControllingUs: 0, StartBugReporterOnCrash: 0, Is64bit: 1, IsPro: 1

COMMAND LINE ARGUMENTS:
C:\Program Files\Unity\Hub\Editor\2022.2.5f1\Editor\Unity.exe
-adb2
-batchMode
-noUpm
-name
AssetImportWorker2
-projectPath
C:/Users/Student/Documents/GitHub/SHOOTER_BARASI_FINAL/SHOOTERGAME_BARASI
-logFile
Logs/AssetImportWorker2.log
-srvPort
53560
Successfully changed project path to: C:/Users/Student/Documents/GitHub/SHOOTER_BARASI_FINAL/SHOOTERGAME_BARASI
C:/Users/Student/Documents/GitHub/SHOOTER_BARASI_FINAL/SHOOTERGAME_BARASI
[UnityMemory] Configuration Parameters - Can be set up in boot.config
    "memorysetup-bucket-allocator-granularity=16"
    "memorysetup-bucket-allocator-bucket-count=8"
    "memorysetup-bucket-allocator-block-size=33554432"
    "memorysetup-bucket-allocator-block-count=8"
    "memorysetup-main-allocator-block-size=16777216"
    "memorysetup-thread-allocator-block-size=16777216"
    "memorysetup-gfx-main-allocator-block-size=16777216"
    "memorysetup-gfx-thread-allocator-block-size=16777216"
    "memorysetup-cache-allocator-block-size=4194304"
    "memorysetup-typetree-allocator-block-size=2097152"
    "memorysetup-profiler-bucket-allocator-granularity=16"
    "memorysetup-profiler-bucket-allocator-bucket-count=8"
    "memorysetup-profiler-bucket-allocator-block-size=33554432"
    "memorysetup-profiler-bucket-allocator-block-count=8"
    "memorysetup-profiler-allocator-block-size=16777216"
    "memorysetup-profiler-editor-allocator-block-size=1048576"
    "memorysetup-temp-allocator-size-main=16777216"
    "memorysetup-job-temp-allocator-block-size=2097152"
    "memorysetup-job-temp-allocator-block-size-background=1048576"
    "memorysetup-job-temp-allocator-reduction-small-platforms=262144"
    "memorysetup-temp-allocator-size-background-worker=32768"
    "memorysetup-temp-allocator-size-job-worker=262144"
    "memorysetup-temp-allocator-size-preload-manager=33554432"
    "memorysetup-temp-allocator-size-nav-mesh-worker=65536"
    "memorysetup-temp-allocator-size-audio-worker=65536"
    "memorysetup-temp-allocator-size-cloud-worker=32768"
    "memorysetup-temp-allocator-size-gi-baking-worker=262144"
    "memorysetup-temp-allocator-size-gfx=262144"
Player connection [6148] Host "[IP] 10.0.1.219 [Port] 0 [Flags] 2 [Guid] 2584806807 [EditorId] 2584806807 [Version] 1048832 [Id] WindowsEditor(7,CIITLAB602-PC22) [Debug] 1 [PackageName] WindowsEditor [ProjectName] Editor" joined multi-casting on [225.0.0.222:54997]...

Player connection [6148] Host "[IP] 10.0.1.219 [Port] 0 [Flags] 2 [Guid] 2584806807 [EditorId] 2584806807 [Version] 1048832 [Id] WindowsEditor(7,CIITLAB602-PC22) [Debug] 1 [PackageName] WindowsEditor [ProjectName] Editor" joined alternative multi-casting on [225.0.0.222:34997]...

Refreshing native plugins compatible for Editor in 119.80 ms, found 4 plugins.
Preloading 0 native plugins for Editor in 0.00 ms.
Initialize engine version: 2022.2.5f1 (551d45108343)
[Subsystems] Discovering subsystems at path C:/Program Files/Unity/Hub/Editor/2022.2.5f1/Editor/Data/Resources/UnitySubsystems
[Subsystems] Discovering subsystems at path C:/Users/Student/Documents/GitHub/SHOOTER_BARASI_FINAL/SHOOTERGAME_BARASI/Assets
GfxDevice: creating device client; threaded=0; jobified=0
Direct3D:
    Version:  Direct3D 11.0 [level 11.1]
    Renderer: NVIDIA GeForce RTX 3050 (ID=0x2507)
    Vendor:   NVIDIA
    VRAM:     8070 MB
    Driver:   31.0.15.1694
Initialize mono
Mono path[0] = 'C:/Program Files/Unity/Hub/Editor/2022.2.5f1/Editor/Data/Managed'
Mono path[1] = 'C:/Program Files/Unity/Hub/Editor/2022.2.5f1/Editor/Data/MonoBleedingEdge/lib/mono/unityjit-win32'
Mono config path = 'C:/Program Files/Unity/Hub/Editor/2022.2.5f1/Editor/Data/MonoBleedingEdge/etc'
Using monoOptions --debugger-agent=transport=dt_socket,embedding=1,server=y,suspend=n,address=127.0.0.1:56876
Begin MonoManager ReloadAssembly
Registering precompiled unity dll's ...
Register platform support module: C:/Program Files/Unity/Hub/Editor/2022.2.5f1/Editor/Data/PlaybackEngines/MacStandaloneSupport/UnityEditor.OSXStandalone.Extensions.dll
Register platform support module: C:/Program Files/Unity/Hub/Editor/2022.2.5f1/Editor/Data/PlaybackEngines/AndroidPlayer/UnityEditor.Android.Extensions.dll
Register platform support module: C:/Program Files/Unity/Hub/Editor/2022.2.5f1/Editor/Data/PlaybackEngines/iOSSupport/UnityEditor.iOS.Extensions.dll
Register platform support module: C:/Program Files/Unity/Hub/Editor/2022.2.5f1/Editor/Data/PlaybackEngines/WindowsStandaloneSupport/UnityEditor.WindowsStandalone.Extensions.dll
Registered in 0.020871 seconds.
- Loaded All Assemblies, in  0.466 seconds
Native extension for WindowsStandalone target not found
[usbmuxd] Start listen thread
[usbmuxd] Listen thread started
Native extension for iOS target not found
Native extension for Android target not found
Android Extension - Scanning For ADB Devices 387 ms
Native extension for OSXStandalone target not found
Mono: successfully reloaded assembly
- Finished resetting the current domain, in  0.796 seconds
Domain Reload Profiling:
	ReloadAssembly (274ms)
		BeginReloadAssembly (102ms)
			ExecutionOrderSort (0ms)
			DisableScriptedObjects (0ms)
			BackupInstance (0ms)
			ReleaseScriptingObjects (0ms)
			CreateAndSetChildDomain (1ms)
		LoadAllAssembliesAndSetupDomain (0ms)
			LoadAssemblies (100ms)
			RebuildTransferFunctionScriptingTraits (0ms)
			SetupTypeCache (179ms)
				TypeCache.Initialize (178ms)
					TypeCache.ScanAssembly (176ms)
				ResolveRequiredComponents (1ms)
		FinalizeReload (0ms)
			ReleaseScriptCaches (0ms)
			RebuildScriptCaches (0ms)
			SetupLoadedEditorAssemblies (718ms)
				LogAssemblyErrors (0ms)
				InitializePlatformSupportModulesInManaged (518ms)
				SetLoadedEditorAssemblies (5ms)
				RefreshPlugins (0ms)
				BeforeProcessingInitializeOnLoad (1ms)
				ProcessInitializeOnLoadAttributes (134ms)
				ProcessInitializeOnLoadMethodAttributes (61ms)
				AfterProcessingInitializeOnLoad (0ms)
				EditorAssembliesLoaded (0ms)
			ExecutionOrderSort2 (0ms)
			AwakeInstancesAfterBackupRestoration (0ms)
========================================================================
Worker process is ready to serve import requests
Begin MonoManager ReloadAssembly
Symbol file LoadedFromMemory doesn't match image C:\Users\Student\Documents\GitHub\SHOOTER_BARASI_FINAL\SHOOTERGAME_BARASI\Library\PackageCache\com.unity.visualscripting@1.8.0\Editor\VisualScripting.Core\Dependencies\YamlDotNet\Unity.VisualScripting.YamlDotNet.dll
Symbol file LoadedFromMemory doesn't match image C:\Users\Student\Documents\GitHub\SHOOTER_BARASI_FINAL\SHOOTERGAME_BARASI\Library\PackageCache\com.unity.visualscripting@1.8.0\Editor\VisualScripting.Core\Dependencies\DotNetZip\Unity.VisualScripting.IonicZip.dll
- Loaded All Assemblies, in  1.276 seconds
Refreshing native plugins compatible for Editor in 7.28 ms, found 4 plugins.
Native extension for WindowsStandalone target not found
Native extension for iOS target not found
Native extension for Android target not found
Native extension for OSXStandalone target not found
Mono: successfully reloaded assembly
- Finished resetting the current domain, in  0.774 seconds
Domain Reload Profiling:
	ReloadAssembly (315ms)
		BeginReloadAssembly (155ms)
			ExecutionOrderSort (0ms)
			DisableScriptedObjects (9ms)
			BackupInstance (0ms)
			ReleaseScriptingObjects (0ms)
			CreateAndSetChildDomain (28ms)
		LoadAllAssembliesAndSetupDomain (955ms)
			LoadAssemblies (389ms)
			RebuildTransferFunctionScriptingTraits (0ms)
			SetupTypeCache (630ms)
				TypeCache.Initialize (362ms)
					TypeCache.ScanAssembly (354ms)
				ResolveRequiredComponents (5ms)
		FinalizeReload (0ms)
			ReleaseScriptCaches (0ms)
			RebuildScriptCaches (0ms)
			SetupLoadedEditorAssemblies (572ms)
				LogAssemblyErrors (0ms)
				InitializePlatformSupportModulesInManaged (57ms)
				SetLoadedEditorAssemblies (6ms)
				RefreshPlugins (0ms)
				BeforeProcessingInitializeOnLoad (85ms)
				ProcessInitializeOnLoadAttributes (391ms)
				ProcessInitializeOnLoadMethodAttributes (27ms)
				AfterProcessingInitializeOnLoad (6ms)
				EditorAssembliesLoaded (0ms)
			ExecutionOrderSort2 (0ms)
			AwakeInstancesAfterBackupRestoration (4ms)
Launched and connected shader compiler UnityShaderCompiler.exe after 0.07 seconds
Refreshing native plugins compatible for Editor in 7.74 ms, found 4 plugins.
Preloading 0 native plugins for Editor in 0.00 ms.
Unloading 4279 Unused Serialized files (Serialized files now loaded: 0)
Unloading 40 unused Assets / (71.4 KB). Loaded Objects now: 4742.
Memory consumption went from 0.64 GB to 0.64 GB.
Total: 5.405600 ms (FindLiveObjects: 0.798000 ms CreateObjectMapping: 0.420700 ms MarkObjects: 4.085400 ms  DeleteObjects: 0.100900 ms)

AssetImportParameters requested are different than current active one (requested -> active):
  custom:container-demuxer-ogg: 62fdf1f143b41e24485cea50d1cbac27 -> 
  custom:video-decoder-ogg-theora: a1e56fd34408186e4bbccfd4996cb3dc -> 
  custom:framework-win-MediaFoundation: 216162199b28c13a410421893ffa2e32 -> 
  custom:container-demuxer-webm: 4f35f7cbe854078d1ac9338744f61a02 -> 
  custom:container-muxer-webm: aa71ff27fc2769a1b78a27578f13a17b -> 
  custom:video-decoder-webm-vp8: 9c59270c3fd7afecdb556c50c9e8de78 -> 
  custom:AudioImporter_EditorPlatform: d09bf68614088b80899f8185d706f6e7 -> 
  custom:video-encoder-webm-vp8: eb34c28f22e8b96e1ab97ce403110664 -> 
  custom:audio-decoder-ogg-vorbis: bf7c407c2cedff20999df2af8eb42d56 -> 
  custom:audio-encoder-webm-vorbis: bf7c407c2cedff20999df2af8eb42d56 -> 
========================================================================
Received Prepare
Refreshing native plugins compatible for Editor in 7.10 ms, found 4 plugins.
Preloading 0 native plugins for Editor in 0.00 ms.
Unloading 1 Unused Serialized files (Serialized files now loaded: 0)
Unloading 1 unused Assets / (10.3 KB). Loaded Objects now: 4742.
Memory consumption went from 70.1 MB to 70.1 MB.
Total: 4.533000 ms (FindLiveObjects: 0.597500 ms CreateObjectMapping: 0.316100 ms MarkObjects: 3.498800 ms  DeleteObjects: 0.120000 ms)

Prepare: number of updated asset objects reloaded= 0
AssetImportParameters requested are different than current active one (requested -> active):
  custom:container-demuxer-ogg: 62fdf1f143b41e24485cea50d1cbac27 -> 
  custom:video-decoder-ogg-theora: a1e56fd34408186e4bbccfd4996cb3dc -> 
  custom:framework-win-MediaFoundation: 216162199b28c13a410421893ffa2e32 -> 
  custom:container-demuxer-webm: 4f35f7cbe854078d1ac9338744f61a02 -> 
  custom:container-muxer-webm: aa71ff27fc2769a1b78a27578f13a17b -> 
  custom:video-decoder-webm-vp8: 9c59270c3fd7afecdb556c50c9e8de78 -> 
  custom:SearchIndexIgnoredProperties: e643bd26f0fe6173181afceb89e7c659 -> 
  custom:AudioImporter_EditorPlatform: d09bf68614088b80899f8185d706f6e7 -> 
  custom:video-encoder-webm-vp8: eb34c28f22e8b96e1ab97ce403110664 -> 
  custom:audio-decoder-ogg-vorbis: bf7c407c2cedff20999df2af8eb42d56 -> 
  custom:audio-encoder-webm-vorbis: bf7c407c2cedff20999df2af8eb42d56 -> 
========================================================================
Received Import Request.
  Time since last request: 5055.862175 seconds.
  path: Assets/Top_Down_Survivor/rifle/idle/survivor-idle_rifle_3.png
  artifactKey: Guid(5c6f93ec453599c44a2178e04e09e5e1) Importer(2089858483,0ecaa5967403d082aa24f35e1b516d23)
Start importing Assets/Top_Down_Survivor/rifle/idle/survivor-idle_rifle_3.png using Guid(5c6f93ec453599c44a2178e04e09e5e1) Importer(2089858483,0ecaa5967403d082aa24f35e1b516d23) Generated GUIDs only implemented for interfaces!
 -> (artifact id: '5d5e11ce664a8f2d49e228896d50026f') in 0.196981 seconds 
Number of updated asset objects reloaded before import = 0
Number of asset objects unloaded after import = 3
========================================================================
Received Import Request.
  Time since last request: 0.000020 seconds.
  path: Assets/Top_Down_Survivor/rifle/idle/survivor-idle_rifle_9.png
  artifactKey: Guid(074ce4d7ec6fb1d428425c66d28ba634) Importer(2089858483,0ecaa5967403d082aa24f35e1b516d23)
Start importing Assets/Top_Down_Survivor/rifle/idle/survivor-idle_rifle_9.png using Guid(074ce4d7ec6fb1d428425c66d28ba634) Importer(2089858483,0ecaa5967403d082aa24f35e1b516d23) Generated GUIDs only implemented for interfaces!
 -> (artifact id: 'e1fc31c69c9facd82a216324f71c37c5') in 0.047886 seconds 
Number of updated asset objects reloaded before import = 0
Number of asset objects unloaded after import = 3
========================================================================
Received Import Request.
  Time since last request: 0.000025 seconds.
  path: Assets/Top_Down_Survivor/rifle/meleeattack/survivor-meleeattack_rifle_13.png
  artifactKey: Guid(b8d12ab0a8bb73d48ac2860022924fb3) Importer(2089858483,0ecaa5967403d082aa24f35e1b516d23)
Start importing Assets/Top_Down_Survivor/rifle/meleeattack/survivor-meleeattack_rifle_13.png using Guid(b8d12ab0a8bb73d48ac2860022924fb3) Importer(2089858483,0ecaa5967403d082aa24f35e1b516d23) Generated GUIDs only implemented for interfaces!
 -> (artifact id: '5d320f98b5385055d50e82d4feaac0f2') in 0.043035 seconds 
Number of updated asset objects reloaded before import = 0
Number of asset objects unloaded after import = 3
========================================================================
Received Import Request.
  Time since last request: 0.210152 seconds.
  path: Assets/Top_Down_Survivor/rifle/meleeattack/survivor-meleeattack_rifle_6.png
  artifactKey: Guid(15a489d4041dae545bbeaa6c8a33d19f) Importer(2089858483,0ecaa5967403d082aa24f35e1b516d23)
Start importing Assets/Top_Down_Survivor/rifle/meleeattack/survivor-meleeattack_rifle_6.png using Guid(15a489d4041dae545bbeaa6c8a33d19f) Importer(2089858483,0ecaa5967403d082aa24f35e1b516d23) Generated GUIDs only implemented for interfaces!
 -> (artifact id: '3cfa75c5055c2392c1163bc5f0038ac0') in 0.036530 seconds 
Number of updated asset objects reloaded before import = 0
Number of asset objects unloaded after import = 3
========================================================================
Received Import Request.
  Time since last request: 0.000018 seconds.
  path: Assets/Top_Down_Survivor/rifle/move/survivor-move_rifle_17.png
  artifactKey: Guid(81b26b96a0fdbb7428ca5af85c740ba2) Importer(2089858483,0ecaa5967403d082aa24f35e1b516d23)
Start importing Assets/Top_Down_Survivor/rifle/move/survivor-move_rifle_17.png using Guid(81b26b96a0fdbb7428ca5af85c740ba2) Importer(2089858483,0ecaa5967403d082aa24f35e1b516d23) Generated GUIDs only implemented for interfaces!
 -> (artifact id: '04bc95262c20a3b760cfb33a2814262c') in 0.039824 seconds 
Number of updated asset objects reloaded before import = 0
Number of asset objects unloaded after import = 3
========================================================================
Received Import Request.
  Time since last request: 0.000018 seconds.
  path: Assets/Top_Down_Survivor/rifle/meleeattack/survivor-meleeattack_rifle_9.png
  artifactKey: Guid(8e1bdafaed51e524e9710a7dffd83fc2) Importer(2089858483,0ecaa5967403d082aa24f35e1b516d23)
Start importing Assets/Top_Down_Survivor/rifle/meleeattack/survivor-meleeattack_rifle_9.png using Guid(8e1bdafaed51e524e9710a7dffd83fc2) Importer(2089858483,0ecaa5967403d082aa24f35e1b516d23) Generated GUIDs only implemented for interfaces!
 -> (artifact id: '6e0c85e6f0feb5dd61b9563da3e3b319') in 0.039300 seconds 
Number of updated asset objects reloaded before import = 0
Number of asset objects unloaded after import = 3
========================================================================
Received Import Request.
  Time since last request: 0.000017 seconds.
  path: Assets/Top_Down_Survivor/rifle/move/survivor-move_rifle_3.png
  artifactKey: Guid(f01e929fcb4655d44af03d8ee56caad1) Importer(2089858483,0ecaa5967403d082aa24f35e1b516d23)
Start importing Assets/Top_Down_Survivor/rifle/move/survivor-move_rifle_3.png using Guid(f01e929fcb4655d44af03d8ee56caad1) Importer(2089858483,0ecaa5967403d082aa24f35e1b516d23) Generated GUIDs only implemented for interfaces!
 -> (artifact id: 'fc6a1b10d430e7809d10cbb534276331') in 0.039660 seconds 
Number of updated asset objects reloaded before import = 0
Number of asset objects unloaded after import = 3
========================================================================
Received Import Request.
  Time since last request: 0.000017 seconds.
  path: Assets/Top_Down_Survivor/rifle/move/survivor-move_rifle_11.png
  artifactKey: Guid(8058cb2f6b0ce6848a407e7152b2b84d) Importer(2089858483,0ecaa5967403d082aa24f35e1b516d23)
Start importing Assets/Top_Down_Survivor/rifle/move/survivor-move_rifle_11.png using Guid(8058cb2f6b0ce6848a407e7152b2b84d) Importer(2089858483,0ecaa5967403d082aa24f35e1b516d23) Generated GUIDs only implemented for interfaces!
 -> (artifact id: '6b582975f7817c596f4c28afc1fde10f') in 0.035887 seconds 
Number of updated asset objects reloaded before import = 0
Number of asset objects unloaded after import = 3
========================================================================
Received Import Request.
  Time since last request: 0.000020 seconds.
  path: Assets/Top_Down_Survivor/rifle/move/survivor-move_rifle_18.png
  artifactKey: Guid(8dde6b0f4463fa74eb3063f20336671d) Importer(2089858483,0ecaa5967403d082aa24f35e1b516d23)
Start importing Assets/Top_Down_Survivor/rifle/move/survivor-move_rifle_18.png using Guid(8dde6b0f4463fa74eb3063f20336671d) Importer(2089858483,0ecaa5967403d082aa24f35e1b516d23) Generated GUIDs only implemented for interfaces!
 -> (artifact id: '736051f8a23892e7d9827333274b05aa') in 0.040038 seconds 
Number of updated asset objects reloaded before import = 0
Number of asset objects unloaded after import = 3
========================================================================
Received Import Request.
  Time since last request: 0.263684 seconds.
  path: Assets/Top_Down_Survivor/rifle/move/survivor-move_rifle_4.png
  artifactKey: Guid(be7eb300ac0937447a8ef0a2148605b7) Importer(2089858483,0ecaa5967403d082aa24f35e1b516d23)
Start importing Assets/Top_Down_Survivor/rifle/move/survivor-move_rifle_4.png using Guid(be7eb300ac0937447a8ef0a2148605b7) Importer(2089858483,0ecaa5967403d082aa24f35e1b516d23) Generated GUIDs only implemented for interfaces!
 -> (artifact id: '994d98b14331f320ddcf3e51317a2232') in 0.042137 seconds 
Number of updated asset objects reloaded before import = 0
Number of asset objects unloaded after import = 3
========================================================================
Received Import Request.
  Time since last request: 0.000017 seconds.
  path: Assets/Top_Down_Survivor/rifle/reload/survivor-reload_rifle_19.png
  artifactKey: Guid(df2c74bd68b35bb459ffc912730cca1a) Importer(2089858483,0ecaa5967403d082aa24f35e1b516d23)
Start importing Assets/Top_Down_Survivor/rifle/reload/survivor-reload_rifle_19.png using Guid(df2c74bd68b35bb459ffc912730cca1a) Importer(2089858483,0ecaa5967403d082aa24f35e1b516d23) Generated GUIDs only implemented for interfaces!
 -> (artifact id: '855dc92215309269eb10ade4501411d2') in 0.039609 seconds 
Number of updated asset objects reloaded before import = 0
Number of asset objects unloaded after import = 3
========================================================================
Received Import Request.
  Time since last request: 0.000020 seconds.
  path: Assets/Top_Down_Survivor/rifle/move/survivor-move_rifle_7.png
  artifactKey: Guid(89b81c18c7769094791046a77feb4b25) Importer(2089858483,0ecaa5967403d082aa24f35e1b516d23)
Start importing Assets/Top_Down_Survivor/rifle/move/survivor-move_rifle_7.png using Guid(89b81c18c7769094791046a77feb4b25) Importer(2089858483,0ecaa5967403d082aa24f35e1b516d23) Generated GUIDs only implemented for interfaces!
 -> (artifact id: '0e09daf5d8989e3a1288ea68eb55cb8f') in 0.039490 seconds 
Number of updated asset objects reloaded before import = 0
Number of asset objects unloaded after import = 3
========================================================================
Received Import Request.
  Time since last request: 0.000015 seconds.
  path: Assets/Top_Down_Survivor/rifle/reload/survivor-reload_rifle_11.png
  artifactKey: Guid(56d34102846a44543b07e7e4b92eed41) Importer(2089858483,0ecaa5967403d082aa24f35e1b516d23)
Start importing Assets/Top_Down_Survivor/rifle/reload/survivor-reload_rifle_11.png using Guid(56d34102846a44543b07e7e4b92eed41) Importer(2089858483,0ecaa5967403d082aa24f35e1b516d23) Generated GUIDs only implemented for interfaces!
 -> (artifact id: 'cd3677164722668b0d43e571534749f2') in 0.039952 seconds 
Number of updated asset objects reloaded before import = 0
Number of asset objects unloaded after import = 3
========================================================================
Received Import Request.
  Time since last request: 0.000019 seconds.
  path: Assets/Top_Down_Survivor/rifle/reload/survivor-reload_rifle_1.png
  artifactKey: Guid(5f3389a8eb635114a90556b2849fc516) Importer(2089858483,0ecaa5967403d082aa24f35e1b516d23)
Start importing Assets/Top_Down_Survivor/rifle/reload/survivor-reload_rifle_1.png using Guid(5f3389a8eb635114a90556b2849fc516) Importer(2089858483,0ecaa5967403d082aa24f35e1b516d23) Generated GUIDs only implemented for interfaces!
 -> (artifact id: '52c08d574eee84fcfcf68bf5ab3593c7') in 0.038398 seconds 
Number of updated asset objects reloaded before import = 0
Number of asset objects unloaded after import = 3
========================================================================
Received Import Request.
  Time since last request: 0.000024 seconds.
  path: Assets/Top_Down_Survivor/rifle/move/survivor-move_rifle_9.png
  artifactKey: Guid(ebab1f0b567ccc0418ae6feeb29dab14) Importer(2089858483,0ecaa5967403d082aa24f35e1b516d23)
Start importing Assets/Top_Down_Survivor/rifle/move/survivor-move_rifle_9.png using Guid(ebab1f0b567ccc0418ae6feeb29dab14) Importer(2089858483,0ecaa5967403d082aa24f35e1b516d23) Generated GUIDs only implemented for interfaces!
 -> (artifact id: 'cfdc11f07b1a6e2c39380b348718987a') in 0.037777 seconds 
Number of updated asset objects reloaded before import = 0
Number of asset objects unloaded after import = 3
========================================================================
Received Import Request.
  Time since last request: 0.257491 seconds.
  path: Assets/Top_Down_Survivor/rifle/reload/survivor-reload_rifle_2.png
  artifactKey: Guid(b085a18def9d8d141b9cc9911d239274) Importer(2089858483,0ecaa5967403d082aa24f35e1b516d23)
Start importing Assets/Top_Down_Survivor/rifle/reload/survivor-reload_rifle_2.png using Guid(b085a18def9d8d141b9cc9911d239274) Importer(2089858483,0ecaa5967403d082aa24f35e1b516d23) Generated GUIDs only implemented for interfaces!
 -> (artifact id: '74a10318ce082a9d0a2ef76784a82275') in 0.041548 seconds 
Number of updated asset objects reloaded before import = 0
Number of asset objects unloaded after import = 3
========================================================================
Received Import Request.
  Time since last request: 0.000021 seconds.
  path: Assets/Top_Down_Survivor/rifle/reload/survivor-reload_rifle_9.png
  artifactKey: Guid(bf1a80df14b278c44bd56e404ad76c5d) Importer(2089858483,0ecaa5967403d082aa24f35e1b516d23)
Start importing Assets/Top_Down_Survivor/rifle/reload/survivor-reload_rifle_9.png using Guid(bf1a80df14b278c44bd56e404ad76c5d) Importer(2089858483,0ecaa5967403d082aa24f35e1b516d23) Generated GUIDs only implemented for interfaces!
 -> (artifact id: '69f55970fc0655b0e466509196ace1be') in 0.041936 seconds 
Number of updated asset objects reloaded before import = 0
Number of asset objects unloaded after import = 3
========================================================================
Received Import Request.
  Time since last request: 0.000017 seconds.
  path: Assets/Top_Down_Survivor/shotgun/idle/survivor-idle_shotgun_12.png
  artifactKey: Guid(924b642ebb888dd469c394b0f75d2ad3) Importer(2089858483,0ecaa5967403d082aa24f35e1b516d23)
Start importing Assets/Top_Down_Survivor/shotgun/idle/survivor-idle_shotgun_12.png using Guid(924b642ebb888dd469c394b0f75d2ad3) Importer(2089858483,0ecaa5967403d082aa24f35e1b516d23) Generated GUIDs only implemented for interfaces!
 -> (artifact id: '2e68513690fdd550354f6b142a4dae2c') in 0.038205 seconds 
Number of updated asset objects reloaded before import = 0
Number of asset objects unloaded after import = 3
========================================================================
Received Import Request.
  Time since last request: 0.000020 seconds.
  path: Assets/Top_Down_Survivor/rifle/shoot/survivor-shoot_rifle_2.png
  artifactKey: Guid(dcf295bde5a8a2944912b7399b156b36) Importer(2089858483,0ecaa5967403d082aa24f35e1b516d23)
Start importing Assets/Top_Down_Survivor/rifle/shoot/survivor-shoot_rifle_2.png using Guid(dcf295bde5a8a2944912b7399b156b36) Importer(2089858483,0ecaa5967403d082aa24f35e1b516d23) Generated GUIDs only implemented for interfaces!
 -> (artifact id: 'a043ea5d43d07e438661a6abd648d3fb') in 0.038479 seconds 
Number of updated asset objects reloaded before import = 0
Number of asset objects unloaded after import = 3
========================================================================
Received Import Request.
  Time since last request: 0.000023 seconds.
  path: Assets/Top_Down_Survivor/rifle/shoot/survivor-shoot_rifle_0.png
  artifactKey: Guid(080e1889937d03c4cbcacccc8931f662) Importer(2089858483,0ecaa5967403d082aa24f35e1b516d23)
Start importing Assets/Top_Down_Survivor/rifle/shoot/survivor-shoot_rifle_0.png using Guid(080e1889937d03c4cbcacccc8931f662) Importer(2089858483,0ecaa5967403d082aa24f35e1b516d23) Generated GUIDs only implemented for interfaces!
 -> (artifact id: '6cd4b6a062f1a9600875e0d2081b7ead') in 0.043271 seconds 
Number of updated asset objects reloaded before import = 0
Number of asset objects unloaded after import = 3
========================================================================
Received Import Request.
  Time since last request: 0.000017 seconds.
  path: Assets/Top_Down_Survivor/rifle/reload/survivor-reload_rifle_7.png
  artifactKey: Guid(6e146f4dba7db2a438198353f7d0ef44) Importer(2089858483,0ecaa5967403d082aa24f35e1b516d23)
Start importing Assets/Top_Down_Survivor/rifle/reload/survivor-reload_rifle_7.png using Guid(6e146f4dba7db2a438198353f7d0ef44) Importer(2089858483,0ecaa5967403d082aa24f35e1b516d23) Generated GUIDs only implemented for interfaces!
 -> (artifact id: '0a7f75742b93dfe4bc853a5a035336ac') in 0.036766 seconds 
Number of updated asset objects reloaded before import = 0
Number of asset objects unloaded after import = 3
========================================================================
Received Import Request.
  Time since last request: 0.255517 seconds.
  path: Assets/Top_Down_Survivor/shotgun/idle/survivor-idle_shotgun_15.png
  artifactKey: Guid(8fffeee79d9b3bc4580c17385ac51fe8) Importer(2089858483,0ecaa5967403d082aa24f35e1b516d23)
Start importing Assets/Top_Down_Survivor/shotgun/idle/survivor-idle_shotgun_15.png using Guid(8fffeee79d9b3bc4580c17385ac51fe8) Importer(2089858483,0ecaa5967403d082aa24f35e1b516d23) Generated GUIDs only implemented for interfaces!
 -> (artifact id: '75b3bff2d5bdca182a026fa637069cbc') in 0.039160 seconds 
Number of updated asset objects reloaded before import = 0
Number of asset objects unloaded after import = 3
========================================================================
Received Import Request.
  Time since last request: 0.000018 seconds.
  path: Assets/Top_Down_Survivor/shotgun/meleeattack/survivor-meleeattack_shotgun_1.png
  artifactKey: Guid(d2bb38c0dffcd164e99a5320888bddbb) Importer(2089858483,0ecaa5967403d082aa24f35e1b516d23)
Start importing Assets/Top_Down_Survivor/shotgun/meleeattack/survivor-meleeattack_shotgun_1.png using Guid(d2bb38c0dffcd164e99a5320888bddbb) Importer(2089858483,0ecaa5967403d082aa24f35e1b516d23) Generated GUIDs only implemented for interfaces!
 -> (artifact id: '16b72caabddceb47be069eba540b1c82') in 0.038125 seconds 
Number of updated asset objects reloaded before import = 0
Number of asset objects unloaded after import = 3
========================================================================
Received Import Request.
  Time since last request: 0.000018 seconds.
  path: Assets/Top_Down_Survivor/shotgun/idle/survivor-idle_shotgun_5.png
  artifactKey: Guid(bd3c2515cdaefdf49ad36826fd144ea7) Importer(2089858483,0ecaa5967403d082aa24f35e1b516d23)
Start importing Assets/Top_Down_Survivor/shotgun/idle/survivor-idle_shotgun_5.png using Guid(bd3c2515cdaefdf49ad36826fd144ea7) Importer(2089858483,0ecaa5967403d082aa24f35e1b516d23) Generated GUIDs only implemented for interfaces!
 -> (artifact id: '993fce286bb5ac664b3c7a6d99a1ab38') in 0.043291 seconds 
Number of updated asset objects reloaded before import = 0
Number of asset objects unloaded after import = 3
========================================================================
Received Import Request.
  Time since last request: 0.000022 seconds.
  path: Assets/Top_Down_Survivor/shotgun/idle/survivor-idle_shotgun_9.png
  artifactKey: Guid(49130e7f4fcf0bf40bbe802baaee2795) Importer(2089858483,0ecaa5967403d082aa24f35e1b516d23)
Start importing Assets/Top_Down_Survivor/shotgun/idle/survivor-idle_shotgun_9.png using Guid(49130e7f4fcf0bf40bbe802baaee2795) Importer(2089858483,0ecaa5967403d082aa24f35e1b516d23) Generated GUIDs only implemented for interfaces!
 -> (artifact id: '3e210502926302466652ae5be15ab38c') in 0.035801 seconds 
Number of updated asset objects reloaded before import = 0
Number of asset objects unloaded after import = 3
========================================================================
Received Import Request.
  Time since last request: 0.000018 seconds.
  path: Assets/Top_Down_Survivor/shotgun/idle/survivor-idle_shotgun_19.png
  artifactKey: Guid(2f3e86271fe43274286202d1c979e121) Importer(2089858483,0ecaa5967403d082aa24f35e1b516d23)
Start importing Assets/Top_Down_Survivor/shotgun/idle/survivor-idle_shotgun_19.png using Guid(2f3e86271fe43274286202d1c979e121) Importer(2089858483,0ecaa5967403d082aa24f35e1b516d23) Generated GUIDs only implemented for interfaces!
 -> (artifact id: '40db06ad14893e662740c3d9eed083d0') in 0.037603 seconds 
Number of updated asset objects reloaded before import = 0
Number of asset objects unloaded after import = 3
========================================================================
Received Import Request.
  Time since last request: 0.000018 seconds.
  path: Assets/Top_Down_Survivor/shotgun/meleeattack/survivor-meleeattack_shotgun_12.png
  artifactKey: Guid(ff93419b3f8a6df40af91fab229bcbbf) Importer(2089858483,0ecaa5967403d082aa24f35e1b516d23)
Start importing Assets/Top_Down_Survivor/shotgun/meleeattack/survivor-meleeattack_shotgun_12.png using Guid(ff93419b3f8a6df40af91fab229bcbbf) Importer(2089858483,0ecaa5967403d082aa24f35e1b516d23) Generated GUIDs only implemented for interfaces!
 -> (artifact id: '1eba519a538a7134e5a5ef7089dd1258') in 0.039053 seconds 
Number of updated asset objects reloaded before import = 0
Number of asset objects unloaded after import = 3
========================================================================
Received Import Request.
  Time since last request: 0.262567 seconds.
  path: Assets/Top_Down_Survivor/shotgun/meleeattack/survivor-meleeattack_shotgun_13.png
  artifactKey: Guid(0d0871a4de7b4d049a820f2284199d07) Importer(2089858483,0ecaa5967403d082aa24f35e1b516d23)
Start importing Assets/Top_Down_Survivor/shotgun/meleeattack/survivor-meleeattack_shotgun_13.png using Guid(0d0871a4de7b4d049a820f2284199d07) Importer(2089858483,0ecaa5967403d082aa24f35e1b516d23) Generated GUIDs only implemented for interfaces!
 -> (artifact id: '700f3aa494f3a0d1cf4c07a2690695e6') in 0.040821 seconds 
Number of updated asset objects reloaded before import = 0
Number of asset objects unloaded after import = 3
========================================================================
Received Import Request.
  Time since last request: 0.000200 seconds.
  path: Assets/Top_Down_Survivor/shotgun/move/survivor-move_shotgun_13.png
  artifactKey: Guid(a520bdbe5d39eae4ea3dc3e9e5acea54) Importer(2089858483,0ecaa5967403d082aa24f35e1b516d23)
Start importing Assets/Top_Down_Survivor/shotgun/move/survivor-move_shotgun_13.png using Guid(a520bdbe5d39eae4ea3dc3e9e5acea54) Importer(2089858483,0ecaa5967403d082aa24f35e1b516d23) Generated GUIDs only implemented for interfaces!
 -> (artifact id: '9c1011870bff44017710aa42f289bc9c') in 0.037986 seconds 
Number of updated asset objects reloaded before import = 0
Number of asset objects unloaded after import = 3
========================================================================
Received Import Request.
  Time since last request: 0.000025 seconds.
  path: Assets/Top_Down_Survivor/shotgun/move/survivor-move_shotgun_11.png
  artifactKey: Guid(5e0edbdb096c051459950f15cd2e61ed) Importer(2089858483,0ecaa5967403d082aa24f35e1b516d23)
Start importing Assets/Top_Down_Survivor/shotgun/move/survivor-move_shotgun_11.png using Guid(5e0edbdb096c051459950f15cd2e61ed) Importer(2089858483,0ecaa5967403d082aa24f35e1b516d23) Generated GUIDs only implemented for interfaces!
 -> (artifact id: '7e0545983be8202a0bdb9a78c282f968') in 0.043331 seconds 
Number of updated asset objects reloaded before import = 0
Number of asset objects unloaded after import = 3
========================================================================
Received Import Request.
  Time since last request: 0.000016 seconds.
  path: Assets/Top_Down_Survivor/shotgun/meleeattack/survivor-meleeattack_shotgun_6.png
  artifactKey: Guid(bf520aefdddb88148b563ec9eaea26a6) Importer(2089858483,0ecaa5967403d082aa24f35e1b516d23)
Start importing Assets/Top_Down_Survivor/shotgun/meleeattack/survivor-meleeattack_shotgun_6.png using Guid(bf520aefdddb88148b563ec9eaea26a6) Importer(2089858483,0ecaa5967403d082aa24f35e1b516d23) Generated GUIDs only implemented for interfaces!
 -> (artifact id: '2d73c46bb86e8b04eb8cd7861847de2c') in 0.037777 seconds 
Number of updated asset objects reloaded before import = 0
Number of asset objects unloaded after import = 3
========================================================================
Received Import Request.
  Time since last request: 0.000016 seconds.
  path: Assets/Top_Down_Survivor/shotgun/meleeattack/survivor-meleeattack_shotgun_5.png
  artifactKey: Guid(60f372b46fdc33640b55e9f7b99c3404) Importer(2089858483,0ecaa5967403d082aa24f35e1b516d23)
Start importing Assets/Top_Down_Survivor/shotgun/meleeattack/survivor-meleeattack_shotgun_5.png using Guid(60f372b46fdc33640b55e9f7b99c3404) Importer(2089858483,0ecaa5967403d082aa24f35e1b516d23) Generated GUIDs only implemented for interfaces!
 -> (artifact id: '52fb78c98f410426df182e64c3ea90f2') in 0.035997 seconds 
Number of updated asset objects reloaded before import = 0
Number of asset objects unloaded after import = 3
========================================================================
Received Import Request.
  Time since last request: 0.000016 seconds.
  path: Assets/Top_Down_Survivor/shotgun/move/survivor-move_shotgun_10.png
  artifactKey: Guid(40b338bd7fc3cee43bbb169bb6d657d4) Importer(2089858483,0ecaa5967403d082aa24f35e1b516d23)
Start importing Assets/Top_Down_Survivor/shotgun/move/survivor-move_shotgun_10.png using Guid(40b338bd7fc3cee43bbb169bb6d657d4) Importer(2089858483,0ecaa5967403d082aa24f35e1b516d23) Generated GUIDs only implemented for interfaces!
 -> (artifact id: '96d01ff96d6b003d6c0c1404c2326011') in 0.036716 seconds 
Number of updated asset objects reloaded before import = 0
Number of asset objects unloaded after import = 3
========================================================================
Received Import Request.
  Time since last request: 0.263038 seconds.
  path: Assets/Top_Down_Survivor/shotgun/move/survivor-move_shotgun_16.png
  artifactKey: Guid(cbdc948413ac9cf468ec806e9f98f659) Importer(2089858483,0ecaa5967403d082aa24f35e1b516d23)
Start importing Assets/Top_Down_Survivor/shotgun/move/survivor-move_shotgun_16.png using Guid(cbdc948413ac9cf468ec806e9f98f659) Importer(2089858483,0ecaa5967403d082aa24f35e1b516d23) Generated GUIDs only implemented for interfaces!
 -> (artifact id: 'f2dd730219440a064a4124949649ee95') in 0.039998 seconds 
Number of updated asset objects reloaded before import = 0
Number of asset objects unloaded after import = 3
========================================================================
Received Import Request.
  Time since last request: 0.000016 seconds.
  path: Assets/Top_Down_Survivor/shotgun/move/survivor-move_shotgun_4.png
  artifactKey: Guid(a08f52e2c711f4f44bba09e51092727c) Importer(2089858483,0ecaa5967403d082aa24f35e1b516d23)
Start importing Assets/Top_Down_Survivor/shotgun/move/survivor-move_shotgun_4.png using Guid(a08f52e2c711f4f44bba09e51092727c) Importer(2089858483,0ecaa5967403d082aa24f35e1b516d23) Generated GUIDs only implemented for interfaces!
 -> (artifact id: 'db88c62bb31ce374df73a3a2bc42f022') in 0.035696 seconds 
Number of updated asset objects reloaded before import = 0
Number of asset objects unloaded after import = 3
========================================================================
Received Import Request.
  Time since last request: 0.000018 seconds.
  path: Assets/Top_Down_Survivor/shotgun/move/survivor-move_shotgun_6.png
  artifactKey: Guid(72f7318fe18729d41b8f561de715cbf0) Importer(2089858483,0ecaa5967403d082aa24f35e1b516d23)
Start importing Assets/Top_Down_Survivor/shotgun/move/survivor-move_shotgun_6.png using Guid(72f7318fe18729d41b8f561de715cbf0) Importer(2089858483,0ecaa5967403d082aa24f35e1b516d23) Generated GUIDs only implemented for interfaces!
 -> (artifact id: 'bc14fd6867b148ba100a9ad83eea6287') in 0.038219 seconds 
Number of updated asset objects reloaded before import = 0
Number of asset objects unloaded after import = 3
========================================================================
Received Import Request.
  Time since last request: 0.000017 seconds.
  path: Assets/Top_Down_Survivor/shotgun/move/survivor-move_shotgun_7.png
  artifactKey: Guid(5f19cb7e7159bf342af7cf199e1fa5b4) Importer(2089858483,0ecaa5967403d082aa24f35e1b516d23)
Start importing Assets/Top_Down_Survivor/shotgun/move/survivor-move_shotgun_7.png using Guid(5f19cb7e7159bf342af7cf199e1fa5b4) Importer(2089858483,0ecaa5967403d082aa24f35e1b516d23) Generated GUIDs only implemented for interfaces!
 -> (artifact id: '9d381f7831ec7d0c18bdc930965ad6c1') in 0.036602 seconds 
Number of updated asset objects reloaded before import = 0
Number of asset objects unloaded after import = 3
========================================================================
Received Import Request.
  Time since last request: 0.000017 seconds.
  path: Assets/Top_Down_Survivor/shotgun/move/survivor-move_shotgun_2.png
  artifactKey: Guid(dc5b201b302143548b1462cd6e1bb4f9) Importer(2089858483,0ecaa5967403d082aa24f35e1b516d23)
Start importing Assets/Top_Down_Survivor/shotgun/move/survivor-move_shotgun_2.png using Guid(dc5b201b302143548b1462cd6e1bb4f9) Importer(2089858483,0ecaa5967403d082aa24f35e1b516d23) Generated GUIDs only implemented for interfaces!
 -> (artifact id: '37de8f568b28d78e1a8a3c170519566d') in 0.046874 seconds 
Number of updated asset objects reloaded before import = 0
Number of asset objects unloaded after import = 3
========================================================================
Received Import Request.
  Time since last request: 0.000018 seconds.
  path: Assets/Top_Down_Survivor/shotgun/move/survivor-move_shotgun_3.png
  artifactKey: Guid(70f7ad677d836d54daa2da7594c41456) Importer(2089858483,0ecaa5967403d082aa24f35e1b516d23)
Start importing Assets/Top_Down_Survivor/shotgun/move/survivor-move_shotgun_3.png using Guid(70f7ad677d836d54daa2da7594c41456) Importer(2089858483,0ecaa5967403d082aa24f35e1b516d23) Generated GUIDs only implemented for interfaces!
 -> (artifact id: '11e90ce396dbb39c0670670612a073e9') in 0.038159 seconds 
Number of updated asset objects reloaded before import = 0
Number of asset objects unloaded after import = 3
========================================================================
Received Import Request.
  Time since last request: 0.259739 seconds.
  path: Assets/Scenes/SampleScene.unity
  artifactKey: Guid(2cda990e2423bbf4892e6590ba056729) Importer(2089858483,0ecaa5967403d082aa24f35e1b516d23)
Start importing Assets/Scenes/SampleScene.unity using Guid(2cda990e2423bbf4892e6590ba056729) Importer(2089858483,0ecaa5967403d082aa24f35e1b516d23) Generated GUIDs only implemented for interfaces!
 -> (artifact id: 'f39538bcb58a34aa4059c9e6220deae3') in 0.017113 seconds 
Number of updated asset objects reloaded before import = 0
Number of asset objects unloaded after import = 1
========================================================================
Received Import Request.
  Time since last request: 0.000019 seconds.
  path: Assets/Top_Down_Survivor/shotgun/reload/survivor-reload_shotgun_7.png
  artifactKey: Guid(8ee6245da39e403448763ff71717059b) Importer(2089858483,0ecaa5967403d082aa24f35e1b516d23)
Start importing Assets/Top_Down_Survivor/shotgun/reload/survivor-reload_shotgun_7.png using Guid(8ee6245da39e403448763ff71717059b) Importer(2089858483,0ecaa5967403d082aa24f35e1b516d23) Generated GUIDs only implemented for interfaces!
 -> (artifact id: 'e53a61895eeeb62789fb54b5c88b7600') in 0.038795 seconds 
Number of updated asset objects reloaded before import = 0
Number of asset objects unloaded after import = 3
========================================================================
Received Import Request.
  Time since last request: 0.000017 seconds.
  path: Assets/Top_Down_Survivor/shotgun/reload/survivor-reload_shotgun_3.png
  artifactKey: Guid(3e68967f27ee3d24db72ebcd6e1915d7) Importer(2089858483,0ecaa5967403d082aa24f35e1b516d23)
Start importing Assets/Top_Down_Survivor/shotgun/reload/survivor-reload_shotgun_3.png using Guid(3e68967f27ee3d24db72ebcd6e1915d7) Importer(2089858483,0ecaa5967403d082aa24f35e1b516d23) Generated GUIDs only implemented for interfaces!
 -> (artifact id: 'd3201deb1b6e402b24e63de927137d0e') in 0.038603 seconds 
Number of updated asset objects reloaded before import = 0
Number of asset objects unloaded after import = 3
========================================================================
Received Import Request.
  Time since last request: 0.000014 seconds.
  path: Assets/Top_Down_Survivor/feet/strafe_left/survivor-strafe_left_8.png
  artifactKey: Guid(b8409851ba12b5c48b44551d813183d3) Importer(2089858483,0ecaa5967403d082aa24f35e1b516d23)
Start importing Assets/Top_Down_Survivor/feet/strafe_left/survivor-strafe_left_8.png using Guid(b8409851ba12b5c48b44551d813183d3) Importer(2089858483,0ecaa5967403d082aa24f35e1b516d23) Generated GUIDs only implemented for interfaces!
 -> (artifact id: 'c3242c96b72c67ff0c2b6051e23b6929') in 0.036878 seconds 
Number of updated asset objects reloaded before import = 0
Number of asset objects unloaded after import = 3
========================================================================
Received Import Request.
  Time since last request: 0.000015 seconds.
  path: Assets/Top_Down_Survivor/UpWalkingAnimation.anim
  artifactKey: Guid(e18813c95e5779c4080a1a87f1e3eaa8) Importer(2089858483,0ecaa5967403d082aa24f35e1b516d23)
Start importing Assets/Top_Down_Survivor/UpWalkingAnimation.anim using Guid(e18813c95e5779c4080a1a87f1e3eaa8) Importer(2089858483,0ecaa5967403d082aa24f35e1b516d23) Generated GUIDs only implemented for interfaces!
 -> (artifact id: 'db137ff17e687e94297992bb2395cb3f') in 0.020255 seconds 
Number of updated asset objects reloaded before import = 0
Number of asset objects unloaded after import = 1
========================================================================
Received Import Request.
  Time since last request: 0.000019 seconds.
  path: Assets/Top_Down_Survivor/feet/strafe_left/survivor-strafe_left_7.png
  artifactKey: Guid(266d38d0c3779c84f9cd092f0220ba9a) Importer(2089858483,0ecaa5967403d082aa24f35e1b516d23)
Start importing Assets/Top_Down_Survivor/feet/strafe_left/survivor-strafe_left_7.png using Guid(266d38d0c3779c84f9cd092f0220ba9a) Importer(2089858483,0ecaa5967403d082aa24f35e1b516d23) Generated GUIDs only implemented for interfaces!
 -> (artifact id: 'ae53cd18b6cc5cbd2653a40178981739') in 0.039105 seconds 
Number of updated asset objects reloaded before import = 0
Number of asset objects unloaded after import = 3
========================================================================
Received Import Request.
  Time since last request: 0.000026 seconds.
  path: Assets/Top_Down_Survivor/feet/run/survivor-run_4.png
  artifactKey: Guid(45265cbc9acbffe4f9ecea5803144740) Importer(2089858483,0ecaa5967403d082aa24f35e1b516d23)
Start importing Assets/Top_Down_Survivor/feet/run/survivor-run_4.png using Guid(45265cbc9acbffe4f9ecea5803144740) Importer(2089858483,0ecaa5967403d082aa24f35e1b516d23) Generated GUIDs only implemented for interfaces!
 -> (artifact id: '3756922bcbcef59053f977140acb8223') in 0.037183 seconds 
Number of updated asset objects reloaded before import = 0
Number of asset objects unloaded after import = 3
========================================================================
Received Import Request.
  Time since last request: 0.000018 seconds.
  path: Assets/Top_Down_Survivor/shotgun/reload/survivor-reload_shotgun_6.png
  artifactKey: Guid(fb0f30d156adf1e4c86d09983056fac5) Importer(2089858483,0ecaa5967403d082aa24f35e1b516d23)
Start importing Assets/Top_Down_Survivor/shotgun/reload/survivor-reload_shotgun_6.png using Guid(fb0f30d156adf1e4c86d09983056fac5) Importer(2089858483,0ecaa5967403d082aa24f35e1b516d23) Generated GUIDs only implemented for interfaces!
 -> (artifact id: 'e8a59b13c717db88be4115662b28a816') in 0.034958 seconds 
Number of updated asset objects reloaded before import = 0
Number of asset objects unloaded after import = 3
========================================================================
Received Import Request.
  Time since last request: 0.000016 seconds.
  path: Assets/Top_Down_Survivor/feet/strafe_left/survivor-strafe_left_17.png
  artifactKey: Guid(8acd5892283dbb74c9655509f8d2c8e0) Importer(2089858483,0ecaa5967403d082aa24f35e1b516d23)
Start importing Assets/Top_Down_Survivor/feet/strafe_left/survivor-strafe_left_17.png using Guid(8acd5892283dbb74c9655509f8d2c8e0) Importer(2089858483,0ecaa5967403d082aa24f35e1b516d23) Generated GUIDs only implemented for interfaces!
 -> (artifact id: '2bd584a66d16919806a48da48b83b600') in 0.035565 seconds 
Number of updated asset objects reloaded before import = 0
Number of asset objects unloaded after import = 3
========================================================================
Received Import Request.
  Time since last request: 0.000017 seconds.
  path: Assets/Top_Down_Survivor/shotgun/reload/survivor-reload_shotgun_18.png
  artifactKey: Guid(95285c58783101b45ac681da75d9b312) Importer(2089858483,0ecaa5967403d082aa24f35e1b516d23)
Start importing Assets/Top_Down_Survivor/shotgun/reload/survivor-reload_shotgun_18.png using Guid(95285c58783101b45ac681da75d9b312) Importer(2089858483,0ecaa5967403d082aa24f35e1b516d23) Generated GUIDs only implemented for interfaces!
 -> (artifact id: '6d43163dbba992d90f08e37d7a9c96a4') in 0.040970 seconds 
Number of updated asset objects reloaded before import = 0
Number of asset objects unloaded after import = 3
========================================================================
Received Import Request.
  Time since last request: 0.000017 seconds.
  path: Assets/Soldier_3/Walk.png
  artifactKey: Guid(e9ab05bf0ce874a469ce58ad6be2b36c) Importer(2089858483,0ecaa5967403d082aa24f35e1b516d23)
Start importing Assets/Soldier_3/Walk.png using Guid(e9ab05bf0ce874a469ce58ad6be2b36c) Importer(2089858483,0ecaa5967403d082aa24f35e1b516d23) Generated GUIDs only implemented for interfaces!
 -> (artifact id: '41351169c6a98630072f0527a1e439fd') in 0.059319 seconds 
Number of updated asset objects reloaded before import = 0
Number of asset objects unloaded after import = 10
========================================================================
Received Import Request.
  Time since last request: 0.000027 seconds.
  path: Assets/Top_Down_Survivor/feet/strafe_right/survivor-strafe_right_17.png
  artifactKey: Guid(73cbe0059c289264a8f709e7727c29ea) Importer(2089858483,0ecaa5967403d082aa24f35e1b516d23)
Start importing Assets/Top_Down_Survivor/feet/strafe_right/survivor-strafe_right_17.png using Guid(73cbe0059c289264a8f709e7727c29ea) Importer(2089858483,0ecaa5967403d082aa24f35e1b516d23) Generated GUIDs only implemented for interfaces!
 -> (artifact id: '7328cda48716524e82f40d09fe4d3570') in 0.040845 seconds 
Number of updated asset objects reloaded before import = 0
Number of asset objects unloaded after import = 3
========================================================================
Received Import Request.
  Time since last request: 0.000017 seconds.
  path: Assets/Top_Down_Survivor/feet/strafe_left/survivor-strafe_left_16.png
  artifactKey: Guid(1a8cdb9fb9d457443ad03b001f746f03) Importer(2089858483,0ecaa5967403d082aa24f35e1b516d23)
Start importing Assets/Top_Down_Survivor/feet/strafe_left/survivor-strafe_left_16.png using Guid(1a8cdb9fb9d457443ad03b001f746f03) Importer(2089858483,0ecaa5967403d082aa24f35e1b516d23) Generated GUIDs only implemented for interfaces!
 -> (artifact id: 'f0c9ebe287d752997d4c1970a62a73b5') in 0.040422 seconds 
Number of updated asset objects reloaded before import = 0
Number of asset objects unloaded after import = 3
========================================================================
Received Import Request.
  Time since last request: 0.000018 seconds.
  path: Assets/Top_Down_Survivor/feet/run/survivor-run_12.png
  artifactKey: Guid(eb2a6c119e2f2f44bb2664df5667ed05) Importer(2089858483,0ecaa5967403d082aa24f35e1b516d23)
Start importing Assets/Top_Down_Survivor/feet/run/survivor-run_12.png using Guid(eb2a6c119e2f2f44bb2664df5667ed05) Importer(2089858483,0ecaa5967403d082aa24f35e1b516d23) Generated GUIDs only implemented for interfaces!
 -> (artifact id: '00451ca16253f98372a86f3229a43c3f') in 0.042849 seconds 
Number of updated asset objects reloaded before import = 0
Number of asset objects unloaded after import = 3
========================================================================
Received Import Request.
  Time since last request: 0.000017 seconds.
  path: Assets/Top_Down_Survivor/feet/walk/survivor-walk_8.png
  artifactKey: Guid(f40edd3628926734883ed32ef31d71b2) Importer(2089858483,0ecaa5967403d082aa24f35e1b516d23)
Start importing Assets/Top_Down_Survivor/feet/walk/survivor-walk_8.png using Guid(f40edd3628926734883ed32ef31d71b2) Importer(2089858483,0ecaa5967403d082aa24f35e1b516d23) Generated GUIDs only implemented for interfaces!
 -> (artifact id: 'a365cb60c4a79028410edbc7c2e23c0d') in 0.040656 seconds 
Number of updated asset objects reloaded before import = 0
Number of asset objects unloaded after import = 3
========================================================================
Received Import Request.
  Time since last request: 0.000110 seconds.
  path: Assets/Top_Down_Survivor/feet/strafe_left/survivor-strafe_left_11.png
  artifactKey: Guid(85caf4ab0a9b13740a13aa1c92194291) Importer(2089858483,0ecaa5967403d082aa24f35e1b516d23)
Start importing Assets/Top_Down_Survivor/feet/strafe_left/survivor-strafe_left_11.png using Guid(85caf4ab0a9b13740a13aa1c92194291) Importer(2089858483,0ecaa5967403d082aa24f35e1b516d23) Generated GUIDs only implemented for interfaces!
 -> (artifact id: 'a9d2bcf699be94f034e337ab1fc1b097') in 0.038297 seconds 
Number of updated asset objects reloaded before import = 0
Number of asset objects unloaded after import = 3
========================================================================
Received Import Request.
  Time since last request: 0.000017 seconds.
  path: Assets/Top_Down_Survivor/feet/strafe_left/survivor-strafe_left_3.png
  artifactKey: Guid(f6df9889f58e90140a26dedea43836b9) Importer(2089858483,0ecaa5967403d082aa24f35e1b516d23)
Start importing Assets/Top_Down_Survivor/feet/strafe_left/survivor-strafe_left_3.png using Guid(f6df9889f58e90140a26dedea43836b9) Importer(2089858483,0ecaa5967403d082aa24f35e1b516d23) Generated GUIDs only implemented for interfaces!
 -> (artifact id: '53f5031ca71deb5ea37967ea47f0ee57') in 0.036203 seconds 
Number of updated asset objects reloaded before import = 0
Number of asset objects unloaded after import = 3
========================================================================
Received Import Request.
  Time since last request: 0.361314 seconds.
  path: Assets/Top_Down_Survivor/flashlight/idle/survivor-idle_flashlight_16.png
  artifactKey: Guid(971a1ab6c1166f3458bceb9f3ff7523c) Importer(2089858483,0ecaa5967403d082aa24f35e1b516d23)
Start importing Assets/Top_Down_Survivor/flashlight/idle/survivor-idle_flashlight_16.png using Guid(971a1ab6c1166f3458bceb9f3ff7523c) Importer(2089858483,0ecaa5967403d082aa24f35e1b516d23) Generated GUIDs only implemented for interfaces!
 -> (artifact id: '5293c1b5f3f21b5f1e6d423c98f2e117') in 0.038745 seconds 
Number of updated asset objects reloaded before import = 0
Number of asset objects unloaded after import = 3
========================================================================
Received Import Request.
  Time since last request: 0.000017 seconds.
  path: Assets/Top_Down_Survivor/flashlight/meleeattack/survivor-meleeattack_flashlight_0.png
  artifactKey: Guid(5d10b96e5fbfc3a458610f4ca86cf927) Importer(2089858483,0ecaa5967403d082aa24f35e1b516d23)
Start importing Assets/Top_Down_Survivor/flashlight/meleeattack/survivor-meleeattack_flashlight_0.png using Guid(5d10b96e5fbfc3a458610f4ca86cf927) Importer(2089858483,0ecaa5967403d082aa24f35e1b516d23) Generated GUIDs only implemented for interfaces!
 -> (artifact id: 'd3948c7a22d0bad03d1abd8a9cab3ce0') in 0.037560 seconds 
Number of updated asset objects reloaded before import = 0
Number of asset objects unloaded after import = 3
========================================================================
Received Import Request.
  Time since last request: 0.000021 seconds.
  path: Assets/Top_Down_Survivor/flashlight/meleeattack/survivor-meleeattack_flashlight_1.png
  artifactKey: Guid(583806d4cde55f54bbc44f34d1e48c02) Importer(2089858483,0ecaa5967403d082aa24f35e1b516d23)
Start importing Assets/Top_Down_Survivor/flashlight/meleeattack/survivor-meleeattack_flashlight_1.png using Guid(583806d4cde55f54bbc44f34d1e48c02) Importer(2089858483,0ecaa5967403d082aa24f35e1b516d23) Generated GUIDs only implemented for interfaces!
 -> (artifact id: 'cfed58057f64ccaf686e95e8124df928') in 0.037940 seconds 
Number of updated asset objects reloaded before import = 0
Number of asset objects unloaded after import = 3
========================================================================
Received Import Request.
  Time since last request: 0.385804 seconds.
  path: Assets/Top_Down_Survivor/flashlight/move/survivor-move_flashlight_0.png
  artifactKey: Guid(32fa260a2964b4c4e912f196a3be32f3) Importer(2089858483,0ecaa5967403d082aa24f35e1b516d23)
Start importing Assets/Top_Down_Survivor/flashlight/move/survivor-move_flashlight_0.png using Guid(32fa260a2964b4c4e912f196a3be32f3) Importer(2089858483,0ecaa5967403d082aa24f35e1b516d23) Generated GUIDs only implemented for interfaces!
 -> (artifact id: 'cfc85abcd40b83e07172341aedf34e84') in 0.037937 seconds 
Number of updated asset objects reloaded before import = 0
Number of asset objects unloaded after import = 3
========================================================================
Received Import Request.
  Time since last request: 0.000020 seconds.
  path: Assets/Top_Down_Survivor/handgun/idle/survivor-idle_handgun_1.png
  artifactKey: Guid(9b56cb7a5ad3a844fb57368a9db4cd70) Importer(2089858483,0ecaa5967403d082aa24f35e1b516d23)
Start importing Assets/Top_Down_Survivor/handgun/idle/survivor-idle_handgun_1.png using Guid(9b56cb7a5ad3a844fb57368a9db4cd70) Importer(2089858483,0ecaa5967403d082aa24f35e1b516d23) Generated GUIDs only implemented for interfaces!
 -> (artifact id: '478de73e6a29029bd1f04a88f416c330') in 0.038258 seconds 
Number of updated asset objects reloaded before import = 0
Number of asset objects unloaded after import = 3
========================================================================
Received Import Request.
  Time since last request: 0.000021 seconds.
  path: Assets/Top_Down_Survivor/flashlight/move/survivor-move_flashlight_6.png
  artifactKey: Guid(c35e320e2956d154d83c59962f636268) Importer(2089858483,0ecaa5967403d082aa24f35e1b516d23)
Start importing Assets/Top_Down_Survivor/flashlight/move/survivor-move_flashlight_6.png using Guid(c35e320e2956d154d83c59962f636268) Importer(2089858483,0ecaa5967403d082aa24f35e1b516d23) Generated GUIDs only implemented for interfaces!
 -> (artifact id: 'eb52fff44bb3dcf0eae05195ca374295') in 0.037509 seconds 
Number of updated asset objects reloaded before import = 0
Number of asset objects unloaded after import = 3
========================================================================
Received Import Request.
  Time since last request: 0.386600 seconds.
  path: Assets/Top_Down_Survivor/handgun/idle/survivor-idle_handgun_15.png
  artifactKey: Guid(c85564629e14b094fabb4887259939a0) Importer(2089858483,0ecaa5967403d082aa24f35e1b516d23)
Start importing Assets/Top_Down_Survivor/handgun/idle/survivor-idle_handgun_15.png using Guid(c85564629e14b094fabb4887259939a0) Importer(2089858483,0ecaa5967403d082aa24f35e1b516d23) Generated GUIDs only implemented for interfaces!
 -> (artifact id: 'ec688a0b5edb2f292b2f226afe51f17d') in 0.039149 seconds 
Number of updated asset objects reloaded before import = 0
Number of asset objects unloaded after import = 3
========================================================================
Received Import Request.
  Time since last request: 0.000015 seconds.
  path: Assets/Top_Down_Survivor/handgun/idle/survivor-idle_handgun_8.png
  artifactKey: Guid(06d73a575b91bf04283eb20937c8055a) Importer(2089858483,0ecaa5967403d082aa24f35e1b516d23)
Start importing Assets/Top_Down_Survivor/handgun/idle/survivor-idle_handgun_8.png using Guid(06d73a575b91bf04283eb20937c8055a) Importer(2089858483,0ecaa5967403d082aa24f35e1b516d23) Generated GUIDs only implemented for interfaces!
 -> (artifact id: '862cac5a4527102f81ee529aa16f9637') in 0.046704 seconds 
Number of updated asset objects reloaded before import = 0
Number of asset objects unloaded after import = 3
========================================================================
Received Import Request.
  Time since last request: 0.414283 seconds.
  path: Assets/Top_Down_Survivor/handgun/meleeattack/survivor-meleeattack_handgun_5.png
  artifactKey: Guid(7fbd92c9f259f5c4c8931b10f9b652e0) Importer(2089858483,0ecaa5967403d082aa24f35e1b516d23)
Start importing Assets/Top_Down_Survivor/handgun/meleeattack/survivor-meleeattack_handgun_5.png using Guid(7fbd92c9f259f5c4c8931b10f9b652e0) Importer(2089858483,0ecaa5967403d082aa24f35e1b516d23) Generated GUIDs only implemented for interfaces!
 -> (artifact id: 'd068244cf3c4b2b8543ea4df9c0867c0') in 0.041216 seconds 
Number of updated asset objects reloaded before import = 0
Number of asset objects unloaded after import = 3
========================================================================
Received Import Request.
  Time since last request: 0.000015 seconds.
  path: Assets/Top_Down_Survivor/handgun/move/survivor-move_handgun_17.png
  artifactKey: Guid(43f3b029712e2a346acb486430ab20c4) Importer(2089858483,0ecaa5967403d082aa24f35e1b516d23)
Start importing Assets/Top_Down_Survivor/handgun/move/survivor-move_handgun_17.png using Guid(43f3b029712e2a346acb486430ab20c4) Importer(2089858483,0ecaa5967403d082aa24f35e1b516d23) Generated GUIDs only implemented for interfaces!
 -> (artifact id: 'a065186fb86a3638f14d1752bdb9c660') in 0.038254 seconds 
Number of updated asset objects reloaded before import = 0
Number of asset objects unloaded after import = 3
========================================================================
Received Import Request.
  Time since last request: 0.420173 seconds.
  path: Assets/Top_Down_Survivor/handgun/moveDOWN/survivor-move_handgun_1.png
  artifactKey: Guid(5da4e18b39a75214aadc28b8b26b61ea) Importer(2089858483,0ecaa5967403d082aa24f35e1b516d23)
Start importing Assets/Top_Down_Survivor/handgun/moveDOWN/survivor-move_handgun_1.png using Guid(5da4e18b39a75214aadc28b8b26b61ea) Importer(2089858483,0ecaa5967403d082aa24f35e1b516d23) Generated GUIDs only implemented for interfaces!
 -> (artifact id: '8e50eaea162ad32abb21e9de2403d2aa') in 0.040386 seconds 
Number of updated asset objects reloaded before import = 0
Number of asset objects unloaded after import = 3
========================================================================
Received Import Request.
  Time since last request: 0.458509 seconds.
  path: Assets/Top_Down_Survivor/handgun/moveLEFT/survivor-move_handgun_17.png
  artifactKey: Guid(10668901f1f2dbf41899c06e26bb14ca) Importer(2089858483,0ecaa5967403d082aa24f35e1b516d23)
Start importing Assets/Top_Down_Survivor/handgun/moveLEFT/survivor-move_handgun_17.png using Guid(10668901f1f2dbf41899c06e26bb14ca) Importer(2089858483,0ecaa5967403d082aa24f35e1b516d23) Generated GUIDs only implemented for interfaces!
 -> (artifact id: '41a284cfba87bf0e9267b52d706f1c5a') in 0.045868 seconds 
Number of updated asset objects reloaded before import = 0
Number of asset objects unloaded after import = 3
========================================================================
Received Import Request.
  Time since last request: 0.000020 seconds.
  path: Assets/Top_Down_Survivor/handgun/moveUP/survivor-move_handgun_2.png
  artifactKey: Guid(709d2b57b85ab2146b9b76c352902103) Importer(2089858483,0ecaa5967403d082aa24f35e1b516d23)
Start importing Assets/Top_Down_Survivor/handgun/moveUP/survivor-move_handgun_2.png using Guid(709d2b57b85ab2146b9b76c352902103) Importer(2089858483,0ecaa5967403d082aa24f35e1b516d23) Generated GUIDs only implemented for interfaces!
 -> (artifact id: 'a7d5dbf1ed229310c2136ebd1d420a88') in 0.038468 seconds 
Number of updated asset objects reloaded before import = 0
Number of asset objects unloaded after import = 3
========================================================================
Received Import Request.
  Time since last request: 0.000023 seconds.
  path: Assets/Top_Down_Survivor/handgun/moveUP/survivor-move_handgun_1.png
  artifactKey: Guid(e9649c849a4b02c45bc5e1c5b37e2e4c) Importer(2089858483,0ecaa5967403d082aa24f35e1b516d23)
Start importing Assets/Top_Down_Survivor/handgun/moveUP/survivor-move_handgun_1.png using Guid(e9649c849a4b02c45bc5e1c5b37e2e4c) Importer(2089858483,0ecaa5967403d082aa24f35e1b516d23) Generated GUIDs only implemented for interfaces!
 -> (artifact id: 'eb843726f5205409c45a0cc8ed51b61e') in 0.044685 seconds 
Number of updated asset objects reloaded before import = 0
Number of asset objects unloaded after import = 3
========================================================================
Received Prepare
Refreshing native plugins compatible for Editor in 10.66 ms, found 4 plugins.
Preloading 0 native plugins for Editor in 0.00 ms.
Unloading 0 Unused Serialized files (Serialized files now loaded: 0)
Unloading 1 unused Assets / (0.8 KB). Loaded Objects now: 4742.
Memory consumption went from 69.2 MB to 69.2 MB.
Total: 9.174900 ms (FindLiveObjects: 1.080400 ms CreateObjectMapping: 0.848900 ms MarkObjects: 7.219800 ms  DeleteObjects: 0.025000 ms)

Prepare: number of updated asset objects reloaded= 0
AssetImportParameters requested are different than current active one (requested -> active):
  custom:container-demuxer-ogg: 62fdf1f143b41e24485cea50d1cbac27 -> 
  custom:video-decoder-ogg-theora: a1e56fd34408186e4bbccfd4996cb3dc -> 
  custom:framework-win-MediaFoundation: 216162199b28c13a410421893ffa2e32 -> 
  custom:container-demuxer-webm: 4f35f7cbe854078d1ac9338744f61a02 -> 
  custom:container-muxer-webm: aa71ff27fc2769a1b78a27578f13a17b -> 
  custom:video-decoder-webm-vp8: 9c59270c3fd7afecdb556c50c9e8de78 -> 
  custom:SearchIndexIgnoredProperties: e643bd26f0fe6173181afceb89e7c659 -> 
  custom:AudioImporter_EditorPlatform: d09bf68614088b80899f8185d706f6e7 -> 
  custom:video-encoder-webm-vp8: eb34c28f22e8b96e1ab97ce403110664 -> 
  custom:audio-decoder-ogg-vorbis: bf7c407c2cedff20999df2af8eb42d56 -> 
  custom:audio-encoder-webm-vorbis: bf7c407c2cedff20999df2af8eb42d56 -> 
========================================================================
Received Prepare
Refreshing native plugins compatible for Editor in 6.50 ms, found 4 plugins.
Preloading 0 native plugins for Editor in 0.00 ms.
Unloading 1 Unused Serialized files (Serialized files now loaded: 0)
Unloading 1 unused Assets / (10.3 KB). Loaded Objects now: 4742.
Memory consumption went from 69.5 MB to 69.5 MB.
Total: 6.434700 ms (FindLiveObjects: 0.738900 ms CreateObjectMapping: 0.653800 ms MarkObjects: 5.025400 ms  DeleteObjects: 0.016100 ms)

Prepare: number of updated asset objects reloaded= 0
AssetImportParameters requested are different than current active one (requested -> active):
  custom:container-demuxer-ogg: 62fdf1f143b41e24485cea50d1cbac27 -> 
  custom:video-decoder-ogg-theora: a1e56fd34408186e4bbccfd4996cb3dc -> 
  custom:framework-win-MediaFoundation: 216162199b28c13a410421893ffa2e32 -> 
  custom:container-demuxer-webm: 4f35f7cbe854078d1ac9338744f61a02 -> 
  custom:container-muxer-webm: aa71ff27fc2769a1b78a27578f13a17b -> 
  custom:video-decoder-webm-vp8: 9c59270c3fd7afecdb556c50c9e8de78 -> 
  custom:SearchIndexIgnoredProperties: e643bd26f0fe6173181afceb89e7c659 -> 
  custom:AudioImporter_EditorPlatform: d09bf68614088b80899f8185d706f6e7 -> 
  custom:video-encoder-webm-vp8: eb34c28f22e8b96e1ab97ce403110664 -> 
  custom:audio-decoder-ogg-vorbis: bf7c407c2cedff20999df2af8eb42d56 -> 
  custom:audio-encoder-webm-vorbis: bf7c407c2cedff20999df2af8eb42d56 -> 
========================================================================
Received Prepare
Refreshing native plugins compatible for Editor in 9.62 ms, found 4 plugins.
Preloading 0 native plugins for Editor in 0.00 ms.
Unloading 1 Unused Serialized files (Serialized files now loaded: 0)
Unloading 1 unused Assets / (10.3 KB). Loaded Objects now: 4742.
Memory consumption went from 69.5 MB to 69.5 MB.
Total: 9.088900 ms (FindLiveObjects: 0.865300 ms CreateObjectMapping: 0.385400 ms MarkObjects: 7.755800 ms  DeleteObjects: 0.081400 ms)

Prepare: number of updated asset objects reloaded= 0
AssetImportParameters requested are different than current active one (requested -> active):
  custom:container-demuxer-ogg: 62fdf1f143b41e24485cea50d1cbac27 -> 
  custom:video-decoder-ogg-theora: a1e56fd34408186e4bbccfd4996cb3dc -> 
  custom:framework-win-MediaFoundation: 216162199b28c13a410421893ffa2e32 -> 
  custom:container-demuxer-webm: 4f35f7cbe854078d1ac9338744f61a02 -> 
  custom:container-muxer-webm: aa71ff27fc2769a1b78a27578f13a17b -> 
  custom:video-decoder-webm-vp8: 9c59270c3fd7afecdb556c50c9e8de78 -> 
  custom:SearchIndexIgnoredProperties: e643bd26f0fe6173181afceb89e7c659 -> 
  custom:AudioImporter_EditorPlatform: d09bf68614088b80899f8185d706f6e7 -> 
  custom:video-encoder-webm-vp8: eb34c28f22e8b96e1ab97ce403110664 -> 
  custom:audio-decoder-ogg-vorbis: bf7c407c2cedff20999df2af8eb42d56 -> 
  custom:audio-encoder-webm-vorbis: bf7c407c2cedff20999df2af8eb42d56 -> 
